<?xml version="1.0" encoding="UTF-8" ?>
<testsuite tests="4" failures="0" name="com.zjr.TxtIOUtilsTest" time="0.02" errors="0" skipped="0">
  <properties>
[...]
</properties>
  <testcase classname="com.zjr.TxtIOUtilsTest" name="readTxtTest" time="0.014"/>
  <testcase classname="com.zjr.TxtIOUtilsTest" name="readTxtFailTest" time="0.001"/>
  <testcase classname="com.zjr.TxtIOUtilsTest" name="writeTxtFailTest" time="0.003"/>
  <testcase classname="com.zjr.TxtIOUtilsTest" name="writeTxtTest" time="0.002"/>
</testsuite>